<?xml version="1.0" encoding="UTF-8"?>
<!-- Generated by org.testng.reporters.JUnitReportReporter -->
<testsuite hostname="DESKTOP-PP9P91D" failures="0" tests="1" name="maven_demo.TestHello" time="0.006" errors="0" timestamp="2021-07-25T23:14:22 IST" skipped="0">
  <testcase classname="maven_demo.TestHello" name="testHello" time="0.006"/>
  <system-out/>
</testsuite> <!-- maven_demo.TestHello -->
